0 info it worked if it ends with ok
1 verbose cli [ '/usr/bin/node',
1 verbose cli   '/usr/bin/npm',
1 verbose cli   'install',
1 verbose cli   '-g',
1 verbose cli   'express-generator' ]
2 info using npm@3.5.2
3 info using node@v8.10.0
4 silly loadCurrentTree Starting
5 silly install loadCurrentTree
6 silly install readGlobalPackageData
7 silly fetchPackageMetaData express-generator
8 silly fetchNamedPackageData express-generator
9 silly mapToRegistry name express-generator
10 silly mapToRegistry using default registry
11 silly mapToRegistry registry https://registry.npmjs.org/
12 silly mapToRegistry uri https://registry.npmjs.org/express-generator
13 verbose request uri https://registry.npmjs.org/express-generator
14 verbose request no auth needed
15 info attempt registry request try #1 at 2:16:11 AM
16 verbose request id 8d5693aa260e53f7
17 http request GET https://registry.npmjs.org/express-generator
18 http 200 https://registry.npmjs.org/express-generator
19 verbose headers { date: 'Fri, 28 Feb 2020 20:46:13 GMT',
19 verbose headers   'content-type': 'application/json',
19 verbose headers   'transfer-encoding': 'chunked',
19 verbose headers   connection: 'keep-alive',
19 verbose headers   'set-cookie':
19 verbose headers    [ '__cfduid=d23deb927ce4fc42ed6605c751063978e1582922772; expires=Sun, 29-Mar-20 20:46:12 GMT; path=/; domain=.npmjs.org; HttpOnly; SameSite=Lax' ],
19 verbose headers   'cf-ray': '56c53f1fc83ccbe8-SIN',
19 verbose headers   'cache-control': 'public, max-age=300',
19 verbose headers   etag: 'W/"3fca1ab765b0d6dbfc421afab882828c"',
19 verbose headers   'last-modified': 'Fri, 03 May 2019 13:58:57 GMT',
19 verbose headers   vary: 'accept-encoding, accept',
19 verbose headers   'cf-cache-status': 'EXPIRED',
19 verbose headers   'expect-ct': 'max-age=604800, report-uri="https://report-uri.cloudflare.com/cdn-cgi/beacon/expect-ct"',
19 verbose headers   server: 'cloudflare',
19 verbose headers   'content-encoding': 'gzip' }
20 silly get cb [ 200,
20 silly get   { date: 'Fri, 28 Feb 2020 20:46:13 GMT',
20 silly get     'content-type': 'application/json',
20 silly get     'transfer-encoding': 'chunked',
20 silly get     connection: 'keep-alive',
20 silly get     'set-cookie':
20 silly get      [ '__cfduid=d23deb927ce4fc42ed6605c751063978e1582922772; expires=Sun, 29-Mar-20 20:46:12 GMT; path=/; domain=.npmjs.org; HttpOnly; SameSite=Lax' ],
20 silly get     'cf-ray': '56c53f1fc83ccbe8-SIN',
20 silly get     'cache-control': 'public, max-age=300',
20 silly get     etag: 'W/"3fca1ab765b0d6dbfc421afab882828c"',
20 silly get     'last-modified': 'Fri, 03 May 2019 13:58:57 GMT',
20 silly get     vary: 'accept-encoding, accept',
20 silly get     'cf-cache-status': 'EXPIRED',
20 silly get     'expect-ct': 'max-age=604800, report-uri="https://report-uri.cloudflare.com/cdn-cgi/beacon/expect-ct"',
20 silly get     server: 'cloudflare',
20 silly get     'content-encoding': 'gzip' } ]
21 verbose get saving express-generator to /home/nirmalsingh/.npm/registry.npmjs.org/express-generator/.cache.json
22 verbose makeDirectory /home/nirmalsingh/.npm creation not in flight; initializing
23 silly makeDirectory /home/nirmalsingh/.npm uid: 1000 gid: 1000
24 silly install normalizeTree
25 silly loadCurrentTree Finishing
26 silly loadIdealTree Starting
27 silly install loadIdealTree
28 silly cloneCurrentTree Starting
29 silly install cloneCurrentTreeToIdealTree
30 silly cloneCurrentTree Finishing
31 silly loadShrinkwrap Starting
32 silly install loadShrinkwrap
33 silly loadShrinkwrap Finishing
34 silly loadAllDepsIntoIdealTree Starting
35 silly install loadAllDepsIntoIdealTree
36 silly resolveWithNewModule express-generator@4.16.1 checking installable status
37 silly cache add args [ 'express-generator', null ]
38 verbose cache add spec express-generator
39 silly cache add parsed spec Result {
39 silly cache add   raw: 'express-generator',
39 silly cache add   scope: null,
39 silly cache add   name: 'express-generator',
39 silly cache add   rawSpec: '',
39 silly cache add   spec: 'latest',
39 silly cache add   type: 'tag' }
40 silly addNamed express-generator@latest
41 verbose addNamed "latest" is being treated as a dist-tag for express-generator
42 info addNameTag [ 'express-generator', 'latest' ]
43 silly mapToRegistry name express-generator
44 silly mapToRegistry using default registry
45 silly mapToRegistry registry https://registry.npmjs.org/
46 silly mapToRegistry uri https://registry.npmjs.org/express-generator
47 verbose addNameTag registry:https://registry.npmjs.org/express-generator not in flight; fetching
48 verbose get https://registry.npmjs.org/express-generator not expired, no request
49 silly addNameTag next cb for express-generator with tag latest
50 silly addNamed express-generator@4.16.1
51 verbose addNamed "4.16.1" is a plain semver version for express-generator
52 silly mapToRegistry name express-generator
53 silly mapToRegistry using default registry
54 silly mapToRegistry registry https://registry.npmjs.org/
55 silly mapToRegistry uri https://registry.npmjs.org/express-generator
56 verbose addRemoteTarball https://registry.npmjs.org/express-generator/-/express-generator-4.16.1.tgz not in flight; adding
57 verbose addRemoteTarball [ 'https://registry.npmjs.org/express-generator/-/express-generator-4.16.1.tgz',
57 verbose addRemoteTarball   '9b7989b3cdffbea714d549db57fe53c21cb75d70' ]
58 info retry fetch attempt 1 at 2:16:13 AM
59 info attempt registry request try #1 at 2:16:13 AM
60 http fetch GET https://registry.npmjs.org/express-generator/-/express-generator-4.16.1.tgz
61 http fetch 200 https://registry.npmjs.org/express-generator/-/express-generator-4.16.1.tgz
62 silly fetchAndShaCheck shasum 9b7989b3cdffbea714d549db57fe53c21cb75d70
63 verbose addTmpTarball /tmp/npm-17528-eae7d371/registry.npmjs.org/express-generator/-/express-generator-4.16.1.tgz not in flight; adding
64 verbose addTmpTarball already have metadata; skipping unpack for express-generator@4.16.1
65 silly cache afterAdd express-generator@4.16.1
66 verbose afterAdd /home/nirmalsingh/.npm/express-generator/4.16.1/package/package.json not in flight; writing
67 verbose afterAdd /home/nirmalsingh/.npm/express-generator/4.16.1/package/package.json written
68 silly fetchNamedPackageData commander
69 silly mapToRegistry name commander
70 silly mapToRegistry using default registry
71 silly mapToRegistry registry https://registry.npmjs.org/
72 silly mapToRegistry uri https://registry.npmjs.org/commander
73 silly fetchNamedPackageData ejs
74 silly mapToRegistry name ejs
75 silly mapToRegistry using default registry
76 silly mapToRegistry registry https://registry.npmjs.org/
77 silly mapToRegistry uri https://registry.npmjs.org/ejs
78 silly fetchNamedPackageData minimatch
79 silly mapToRegistry name minimatch
80 silly mapToRegistry using default registry
81 silly mapToRegistry registry https://registry.npmjs.org/
82 silly mapToRegistry uri https://registry.npmjs.org/minimatch
83 silly fetchNamedPackageData mkdirp
84 silly mapToRegistry name mkdirp
85 silly mapToRegistry using default registry
86 silly mapToRegistry registry https://registry.npmjs.org/
87 silly mapToRegistry uri https://registry.npmjs.org/mkdirp
88 silly fetchNamedPackageData sorted-object
89 silly mapToRegistry name sorted-object
90 silly mapToRegistry using default registry
91 silly mapToRegistry registry https://registry.npmjs.org/
92 silly mapToRegistry uri https://registry.npmjs.org/sorted-object
93 verbose request uri https://registry.npmjs.org/commander
94 verbose request no auth needed
95 info attempt registry request try #1 at 2:16:13 AM
96 http request GET https://registry.npmjs.org/commander
97 verbose request uri https://registry.npmjs.org/ejs
98 verbose request no auth needed
99 info attempt registry request try #1 at 2:16:13 AM
100 http request GET https://registry.npmjs.org/ejs
101 verbose request uri https://registry.npmjs.org/minimatch
102 verbose request no auth needed
103 info attempt registry request try #1 at 2:16:13 AM
104 http request GET https://registry.npmjs.org/minimatch
105 verbose request uri https://registry.npmjs.org/mkdirp
106 verbose request no auth needed
107 info attempt registry request try #1 at 2:16:13 AM
108 http request GET https://registry.npmjs.org/mkdirp
109 verbose request uri https://registry.npmjs.org/sorted-object
110 verbose request no auth needed
111 info attempt registry request try #1 at 2:16:13 AM
112 http request GET https://registry.npmjs.org/sorted-object
113 http 200 https://registry.npmjs.org/commander
114 verbose headers { date: 'Fri, 28 Feb 2020 20:46:13 GMT',
114 verbose headers   'content-type': 'application/json',
114 verbose headers   'transfer-encoding': 'chunked',
114 verbose headers   connection: 'keep-alive',
114 verbose headers   'set-cookie':
114 verbose headers    [ '__cfduid=d166e08d170c5ba58f3b4d56dcea346a91582922773; expires=Sun, 29-Mar-20 20:46:13 GMT; path=/; domain=.npmjs.org; HttpOnly; SameSite=Lax' ],
114 verbose headers   'cf-ray': '56c53f28e819cbe8-SIN',
114 verbose headers   age: '3439',
114 verbose headers   'cache-control': 'public, max-age=300',
114 verbose headers   etag: 'W/"c6a8e9bd771727173ef553c69a889f56"',
114 verbose headers   'last-modified': 'Thu, 20 Feb 2020 07:36:43 GMT',
114 verbose headers   vary: 'accept-encoding, accept',
114 verbose headers   'cf-cache-status': 'HIT',
114 verbose headers   'expect-ct': 'max-age=604800, report-uri="https://report-uri.cloudflare.com/cdn-cgi/beacon/expect-ct"',
114 verbose headers   server: 'cloudflare',
114 verbose headers   'content-encoding': 'gzip' }
115 silly get cb [ 200,
115 silly get   { date: 'Fri, 28 Feb 2020 20:46:13 GMT',
115 silly get     'content-type': 'application/json',
115 silly get     'transfer-encoding': 'chunked',
115 silly get     connection: 'keep-alive',
115 silly get     'set-cookie':
115 silly get      [ '__cfduid=d166e08d170c5ba58f3b4d56dcea346a91582922773; expires=Sun, 29-Mar-20 20:46:13 GMT; path=/; domain=.npmjs.org; HttpOnly; SameSite=Lax' ],
115 silly get     'cf-ray': '56c53f28e819cbe8-SIN',
115 silly get     age: '3439',
115 silly get     'cache-control': 'public, max-age=300',
115 silly get     etag: 'W/"c6a8e9bd771727173ef553c69a889f56"',
115 silly get     'last-modified': 'Thu, 20 Feb 2020 07:36:43 GMT',
115 silly get     vary: 'accept-encoding, accept',
115 silly get     'cf-cache-status': 'HIT',
115 silly get     'expect-ct': 'max-age=604800, report-uri="https://report-uri.cloudflare.com/cdn-cgi/beacon/expect-ct"',
115 silly get     server: 'cloudflare',
115 silly get     'content-encoding': 'gzip' } ]
116 verbose get saving commander to /home/nirmalsingh/.npm/registry.npmjs.org/commander/.cache.json
117 silly resolveWithNewModule commander@2.15.1 checking installable status
118 silly cache add args [ 'commander@2.15.1', null ]
119 verbose cache add spec commander@2.15.1
120 silly cache add parsed spec Result {
120 silly cache add   raw: 'commander@2.15.1',
120 silly cache add   scope: null,
120 silly cache add   name: 'commander',
120 silly cache add   rawSpec: '2.15.1',
120 silly cache add   spec: '2.15.1',
120 silly cache add   type: 'version' }
121 silly addNamed commander@2.15.1
122 verbose addNamed "2.15.1" is a plain semver version for commander
123 silly mapToRegistry name commander
124 silly mapToRegistry using default registry
125 silly mapToRegistry registry https://registry.npmjs.org/
126 silly mapToRegistry uri https://registry.npmjs.org/commander
127 verbose addNameVersion registry:https://registry.npmjs.org/commander not in flight; fetching
128 verbose get https://registry.npmjs.org/commander not expired, no request
129 silly mapToRegistry name commander
130 silly mapToRegistry using default registry
131 silly mapToRegistry registry https://registry.npmjs.org/
132 silly mapToRegistry uri https://registry.npmjs.org/commander
133 verbose addRemoteTarball https://registry.npmjs.org/commander/-/commander-2.15.1.tgz not in flight; adding
134 verbose addRemoteTarball [ 'https://registry.npmjs.org/commander/-/commander-2.15.1.tgz',
134 verbose addRemoteTarball   'df46e867d0fc2aec66a34662b406a9ccafff5b0f' ]
135 info retry fetch attempt 1 at 2:16:14 AM
136 info attempt registry request try #1 at 2:16:14 AM
137 http fetch GET https://registry.npmjs.org/commander/-/commander-2.15.1.tgz
138 http 200 https://registry.npmjs.org/ejs
139 verbose headers { date: 'Fri, 28 Feb 2020 20:46:14 GMT',
139 verbose headers   'content-type': 'application/json',
139 verbose headers   'transfer-encoding': 'chunked',
139 verbose headers   connection: 'keep-alive',
139 verbose headers   'set-cookie':
139 verbose headers    [ '__cfduid=d149c7237f09746669a3f160f26c654371582922774; expires=Sun, 29-Mar-20 20:46:14 GMT; path=/; domain=.npmjs.org; HttpOnly; SameSite=Lax' ],
139 verbose headers   'cf-ray': '56c53f2a19a2d9e8-SIN',
139 verbose headers   age: '5291',
139 verbose headers   'cache-control': 'public, max-age=300',
139 verbose headers   etag: 'W/"8ca6c345745df8645c94bce60b388876"',
139 verbose headers   'last-modified': 'Sun, 24 Nov 2019 01:43:20 GMT',
139 verbose headers   vary: 'accept-encoding, accept',
139 verbose headers   'cf-cache-status': 'HIT',
139 verbose headers   'expect-ct': 'max-age=604800, report-uri="https://report-uri.cloudflare.com/cdn-cgi/beacon/expect-ct"',
139 verbose headers   server: 'cloudflare',
139 verbose headers   'content-encoding': 'gzip' }
140 silly get cb [ 200,
140 silly get   { date: 'Fri, 28 Feb 2020 20:46:14 GMT',
140 silly get     'content-type': 'application/json',
140 silly get     'transfer-encoding': 'chunked',
140 silly get     connection: 'keep-alive',
140 silly get     'set-cookie':
140 silly get      [ '__cfduid=d149c7237f09746669a3f160f26c654371582922774; expires=Sun, 29-Mar-20 20:46:14 GMT; path=/; domain=.npmjs.org; HttpOnly; SameSite=Lax' ],
140 silly get     'cf-ray': '56c53f2a19a2d9e8-SIN',
140 silly get     age: '5291',
140 silly get     'cache-control': 'public, max-age=300',
140 silly get     etag: 'W/"8ca6c345745df8645c94bce60b388876"',
140 silly get     'last-modified': 'Sun, 24 Nov 2019 01:43:20 GMT',
140 silly get     vary: 'accept-encoding, accept',
140 silly get     'cf-cache-status': 'HIT',
140 silly get     'expect-ct': 'max-age=604800, report-uri="https://report-uri.cloudflare.com/cdn-cgi/beacon/expect-ct"',
140 silly get     server: 'cloudflare',
140 silly get     'content-encoding': 'gzip' } ]
141 verbose get saving ejs to /home/nirmalsingh/.npm/registry.npmjs.org/ejs/.cache.json
142 http 200 https://registry.npmjs.org/mkdirp
143 verbose headers { date: 'Fri, 28 Feb 2020 20:46:14 GMT',
143 verbose headers   'content-type': 'application/json',
143 verbose headers   'transfer-encoding': 'chunked',
143 verbose headers   connection: 'keep-alive',
143 verbose headers   'set-cookie':
143 verbose headers    [ '__cfduid=dc25097235181c566fb585517d8e1b1b61582922774; expires=Sun, 29-Mar-20 20:46:14 GMT; path=/; domain=.npmjs.org; HttpOnly; SameSite=Lax' ],
143 verbose headers   'cf-ray': '56c53f2a1c7addb7-SIN',
143 verbose headers   age: '1304',
143 verbose headers   'cache-control': 'public, max-age=300',
143 verbose headers   etag: 'W/"d524362c92a3b75a83d0bed6625f637f"',
143 verbose headers   'last-modified': 'Fri, 24 Jan 2020 21:00:58 GMT',
143 verbose headers   vary: 'accept-encoding, accept',
143 verbose headers   'cf-cache-status': 'HIT',
143 verbose headers   'expect-ct': 'max-age=604800, report-uri="https://report-uri.cloudflare.com/cdn-cgi/beacon/expect-ct"',
143 verbose headers   server: 'cloudflare',
143 verbose headers   'content-encoding': 'gzip' }
144 silly get cb [ 200,
144 silly get   { date: 'Fri, 28 Feb 2020 20:46:14 GMT',
144 silly get     'content-type': 'application/json',
144 silly get     'transfer-encoding': 'chunked',
144 silly get     connection: 'keep-alive',
144 silly get     'set-cookie':
144 silly get      [ '__cfduid=dc25097235181c566fb585517d8e1b1b61582922774; expires=Sun, 29-Mar-20 20:46:14 GMT; path=/; domain=.npmjs.org; HttpOnly; SameSite=Lax' ],
144 silly get     'cf-ray': '56c53f2a1c7addb7-SIN',
144 silly get     age: '1304',
144 silly get     'cache-control': 'public, max-age=300',
144 silly get     etag: 'W/"d524362c92a3b75a83d0bed6625f637f"',
144 silly get     'last-modified': 'Fri, 24 Jan 2020 21:00:58 GMT',
144 silly get     vary: 'accept-encoding, accept',
144 silly get     'cf-cache-status': 'HIT',
144 silly get     'expect-ct': 'max-age=604800, report-uri="https://report-uri.cloudflare.com/cdn-cgi/beacon/expect-ct"',
144 silly get     server: 'cloudflare',
144 silly get     'content-encoding': 'gzip' } ]
145 verbose get saving mkdirp to /home/nirmalsingh/.npm/registry.npmjs.org/mkdirp/.cache.json
146 http 200 https://registry.npmjs.org/minimatch
147 verbose headers { date: 'Fri, 28 Feb 2020 20:46:14 GMT',
147 verbose headers   'content-type': 'application/json',
147 verbose headers   'transfer-encoding': 'chunked',
147 verbose headers   connection: 'keep-alive',
147 verbose headers   'set-cookie':
147 verbose headers    [ '__cfduid=d039a2fae0821033798714e75dedc74ad1582922774; expires=Sun, 29-Mar-20 20:46:14 GMT; path=/; domain=.npmjs.org; HttpOnly; SameSite=Lax' ],
147 verbose headers   'cf-ray': '56c53f2a1de6dded-SIN',
147 verbose headers   age: '2945',
147 verbose headers   'cache-control': 'public, max-age=300',
147 verbose headers   etag: 'W/"74d0b8b38c427aed03f1f23d14bfb863"',
147 verbose headers   'last-modified': 'Mon, 15 Apr 2019 06:36:47 GMT',
147 verbose headers   vary: 'accept-encoding, accept',
147 verbose headers   'cf-cache-status': 'HIT',
147 verbose headers   'expect-ct': 'max-age=604800, report-uri="https://report-uri.cloudflare.com/cdn-cgi/beacon/expect-ct"',
147 verbose headers   server: 'cloudflare',
147 verbose headers   'content-encoding': 'gzip' }
148 silly get cb [ 200,
148 silly get   { date: 'Fri, 28 Feb 2020 20:46:14 GMT',
148 silly get     'content-type': 'application/json',
148 silly get     'transfer-encoding': 'chunked',
148 silly get     connection: 'keep-alive',
148 silly get     'set-cookie':
148 silly get      [ '__cfduid=d039a2fae0821033798714e75dedc74ad1582922774; expires=Sun, 29-Mar-20 20:46:14 GMT; path=/; domain=.npmjs.org; HttpOnly; SameSite=Lax' ],
148 silly get     'cf-ray': '56c53f2a1de6dded-SIN',
148 silly get     age: '2945',
148 silly get     'cache-control': 'public, max-age=300',
148 silly get     etag: 'W/"74d0b8b38c427aed03f1f23d14bfb863"',
148 silly get     'last-modified': 'Mon, 15 Apr 2019 06:36:47 GMT',
148 silly get     vary: 'accept-encoding, accept',
148 silly get     'cf-cache-status': 'HIT',
148 silly get     'expect-ct': 'max-age=604800, report-uri="https://report-uri.cloudflare.com/cdn-cgi/beacon/expect-ct"',
148 silly get     server: 'cloudflare',
148 silly get     'content-encoding': 'gzip' } ]
149 verbose get saving minimatch to /home/nirmalsingh/.npm/registry.npmjs.org/minimatch/.cache.json
150 silly resolveWithNewModule ejs@2.6.1 checking installable status
151 silly cache add args [ 'ejs@2.6.1', null ]
152 verbose cache add spec ejs@2.6.1
153 silly cache add parsed spec Result {
153 silly cache add   raw: 'ejs@2.6.1',
153 silly cache add   scope: null,
153 silly cache add   name: 'ejs',
153 silly cache add   rawSpec: '2.6.1',
153 silly cache add   spec: '2.6.1',
153 silly cache add   type: 'version' }
154 silly addNamed ejs@2.6.1
155 verbose addNamed "2.6.1" is a plain semver version for ejs
156 silly mapToRegistry name ejs
157 silly mapToRegistry using default registry
158 silly mapToRegistry registry https://registry.npmjs.org/
159 silly mapToRegistry uri https://registry.npmjs.org/ejs
160 verbose addNameVersion registry:https://registry.npmjs.org/ejs not in flight; fetching
161 http fetch 200 https://registry.npmjs.org/commander/-/commander-2.15.1.tgz
162 verbose get https://registry.npmjs.org/ejs not expired, no request
163 silly mapToRegistry name ejs
164 silly mapToRegistry using default registry
165 silly mapToRegistry registry https://registry.npmjs.org/
166 silly mapToRegistry uri https://registry.npmjs.org/ejs
167 verbose addRemoteTarball https://registry.npmjs.org/ejs/-/ejs-2.6.1.tgz not in flight; adding
168 verbose addRemoteTarball [ 'https://registry.npmjs.org/ejs/-/ejs-2.6.1.tgz',
168 verbose addRemoteTarball   '498ec0d495655abc6f23cd61868d926464071aa0' ]
169 silly resolveWithNewModule mkdirp@0.5.1 checking installable status
170 silly cache add args [ 'mkdirp@0.5.1', null ]
171 verbose cache add spec mkdirp@0.5.1
172 silly cache add parsed spec Result {
172 silly cache add   raw: 'mkdirp@0.5.1',
172 silly cache add   scope: null,
172 silly cache add   name: 'mkdirp',
172 silly cache add   rawSpec: '0.5.1',
172 silly cache add   spec: '0.5.1',
172 silly cache add   type: 'version' }
173 silly addNamed mkdirp@0.5.1
174 verbose addNamed "0.5.1" is a plain semver version for mkdirp
175 silly mapToRegistry name mkdirp
176 silly mapToRegistry using default registry
177 silly mapToRegistry registry https://registry.npmjs.org/
178 silly mapToRegistry uri https://registry.npmjs.org/mkdirp
179 verbose addNameVersion registry:https://registry.npmjs.org/mkdirp not in flight; fetching
180 silly resolveWithNewModule minimatch@3.0.4 checking installable status
181 silly cache add args [ 'minimatch@3.0.4', null ]
182 verbose cache add spec minimatch@3.0.4
183 silly cache add parsed spec Result {
183 silly cache add   raw: 'minimatch@3.0.4',
183 silly cache add   scope: null,
183 silly cache add   name: 'minimatch',
183 silly cache add   rawSpec: '3.0.4',
183 silly cache add   spec: '3.0.4',
183 silly cache add   type: 'version' }
184 silly addNamed minimatch@3.0.4
185 verbose addNamed "3.0.4" is a plain semver version for minimatch
186 silly mapToRegistry name minimatch
187 silly mapToRegistry using default registry
188 silly mapToRegistry registry https://registry.npmjs.org/
189 silly mapToRegistry uri https://registry.npmjs.org/minimatch
190 verbose addNameVersion registry:https://registry.npmjs.org/minimatch not in flight; fetching
191 info retry fetch attempt 1 at 2:16:14 AM
192 info attempt registry request try #1 at 2:16:14 AM
193 http fetch GET https://registry.npmjs.org/ejs/-/ejs-2.6.1.tgz
194 verbose get https://registry.npmjs.org/mkdirp not expired, no request
195 verbose get https://registry.npmjs.org/minimatch not expired, no request
196 silly mapToRegistry name mkdirp
197 silly mapToRegistry using default registry
198 silly mapToRegistry registry https://registry.npmjs.org/
199 silly mapToRegistry uri https://registry.npmjs.org/mkdirp
200 verbose addRemoteTarball https://registry.npmjs.org/mkdirp/-/mkdirp-0.5.1.tgz not in flight; adding
201 verbose addRemoteTarball [ 'https://registry.npmjs.org/mkdirp/-/mkdirp-0.5.1.tgz',
201 verbose addRemoteTarball   '30057438eac6cf7f8c4767f38648d6697d75c903' ]
202 silly mapToRegistry name minimatch
203 silly mapToRegistry using default registry
204 silly mapToRegistry registry https://registry.npmjs.org/
205 silly mapToRegistry uri https://registry.npmjs.org/minimatch
206 verbose addRemoteTarball https://registry.npmjs.org/minimatch/-/minimatch-3.0.4.tgz not in flight; adding
207 verbose addRemoteTarball [ 'https://registry.npmjs.org/minimatch/-/minimatch-3.0.4.tgz',
207 verbose addRemoteTarball   '5166e286457f03306064be5497e8dbb0c3d32083' ]
208 info retry fetch attempt 1 at 2:16:14 AM
209 info attempt registry request try #1 at 2:16:14 AM
210 http fetch GET https://registry.npmjs.org/mkdirp/-/mkdirp-0.5.1.tgz
211 info retry fetch attempt 1 at 2:16:14 AM
212 info attempt registry request try #1 at 2:16:14 AM
213 http fetch GET https://registry.npmjs.org/minimatch/-/minimatch-3.0.4.tgz
214 silly fetchAndShaCheck shasum df46e867d0fc2aec66a34662b406a9ccafff5b0f
215 verbose addTmpTarball /tmp/npm-17528-eae7d371/registry.npmjs.org/commander/-/commander-2.15.1.tgz not in flight; adding
216 verbose addTmpTarball already have metadata; skipping unpack for commander@2.15.1
217 silly cache afterAdd commander@2.15.1
218 verbose afterAdd /home/nirmalsingh/.npm/commander/2.15.1/package/package.json not in flight; writing
219 verbose afterAdd /home/nirmalsingh/.npm/commander/2.15.1/package/package.json written
220 http fetch 200 https://registry.npmjs.org/minimatch/-/minimatch-3.0.4.tgz
221 http fetch 200 https://registry.npmjs.org/mkdirp/-/mkdirp-0.5.1.tgz
222 silly fetchAndShaCheck shasum 5166e286457f03306064be5497e8dbb0c3d32083
223 verbose addTmpTarball /tmp/npm-17528-eae7d371/registry.npmjs.org/minimatch/-/minimatch-3.0.4.tgz not in flight; adding
224 verbose addTmpTarball already have metadata; skipping unpack for minimatch@3.0.4
225 silly cache afterAdd minimatch@3.0.4
226 verbose afterAdd /home/nirmalsingh/.npm/minimatch/3.0.4/package/package.json not in flight; writing
227 verbose afterAdd /home/nirmalsingh/.npm/minimatch/3.0.4/package/package.json written
228 silly fetchAndShaCheck shasum 30057438eac6cf7f8c4767f38648d6697d75c903
229 verbose addTmpTarball /tmp/npm-17528-eae7d371/registry.npmjs.org/mkdirp/-/mkdirp-0.5.1.tgz not in flight; adding
230 verbose addTmpTarball already have metadata; skipping unpack for mkdirp@0.5.1
231 silly cache afterAdd mkdirp@0.5.1
232 verbose afterAdd /home/nirmalsingh/.npm/mkdirp/0.5.1/package/package.json not in flight; writing
233 verbose afterAdd /home/nirmalsingh/.npm/mkdirp/0.5.1/package/package.json written
234 http fetch 200 https://registry.npmjs.org/ejs/-/ejs-2.6.1.tgz
235 silly fetchAndShaCheck shasum 498ec0d495655abc6f23cd61868d926464071aa0
236 verbose addTmpTarball /tmp/npm-17528-eae7d371/registry.npmjs.org/ejs/-/ejs-2.6.1.tgz not in flight; adding
237 verbose addTmpTarball already have metadata; skipping unpack for ejs@2.6.1
238 silly cache afterAdd ejs@2.6.1
239 verbose afterAdd /home/nirmalsingh/.npm/ejs/2.6.1/package/package.json not in flight; writing
240 verbose afterAdd /home/nirmalsingh/.npm/ejs/2.6.1/package/package.json written
241 http 200 https://registry.npmjs.org/sorted-object
242 verbose headers { date: 'Fri, 28 Feb 2020 20:46:15 GMT',
242 verbose headers   'content-type': 'application/json; charset=UTF-8',
242 verbose headers   'transfer-encoding': 'chunked',
242 verbose headers   connection: 'keep-alive',
242 verbose headers   'set-cookie':
242 verbose headers    [ '__cfduid=d737502c9c3ccfebf6b7d5398e09aa99e1582922774; expires=Sun, 29-Mar-20 20:46:14 GMT; path=/; domain=.npmjs.org; HttpOnly; SameSite=Lax' ],
242 verbose headers   'cf-ray': '56c53f2bbcb9dcc6-SIN',
242 verbose headers   'cache-control': 'public, max-age=300',
242 verbose headers   etag: 'W/"ea98145528816e58739d28c9c9bc4e4f"',
242 verbose headers   'last-modified': 'Sun, 27 May 2018 17:50:35 GMT',
242 verbose headers   vary: 'accept-encoding, accept',
242 verbose headers   'cf-cache-status': 'REVALIDATED',
242 verbose headers   'expect-ct': 'max-age=604800, report-uri="https://report-uri.cloudflare.com/cdn-cgi/beacon/expect-ct"',
242 verbose headers   server: 'cloudflare',
242 verbose headers   'content-encoding': 'gzip' }
243 silly get cb [ 200,
243 silly get   { date: 'Fri, 28 Feb 2020 20:46:15 GMT',
243 silly get     'content-type': 'application/json; charset=UTF-8',
243 silly get     'transfer-encoding': 'chunked',
243 silly get     connection: 'keep-alive',
243 silly get     'set-cookie':
243 silly get      [ '__cfduid=d737502c9c3ccfebf6b7d5398e09aa99e1582922774; expires=Sun, 29-Mar-20 20:46:14 GMT; path=/; domain=.npmjs.org; HttpOnly; SameSite=Lax' ],
243 silly get     'cf-ray': '56c53f2bbcb9dcc6-SIN',
243 silly get     'cache-control': 'public, max-age=300',
243 silly get     etag: 'W/"ea98145528816e58739d28c9c9bc4e4f"',
243 silly get     'last-modified': 'Sun, 27 May 2018 17:50:35 GMT',
243 silly get     vary: 'accept-encoding, accept',
243 silly get     'cf-cache-status': 'REVALIDATED',
243 silly get     'expect-ct': 'max-age=604800, report-uri="https://report-uri.cloudflare.com/cdn-cgi/beacon/expect-ct"',
243 silly get     server: 'cloudflare',
243 silly get     'content-encoding': 'gzip' } ]
244 verbose get saving sorted-object to /home/nirmalsingh/.npm/registry.npmjs.org/sorted-object/.cache.json
245 silly resolveWithNewModule sorted-object@2.0.1 checking installable status
246 silly cache add args [ 'sorted-object@2.0.1', null ]
247 verbose cache add spec sorted-object@2.0.1
248 silly cache add parsed spec Result {
248 silly cache add   raw: 'sorted-object@2.0.1',
248 silly cache add   scope: null,
248 silly cache add   name: 'sorted-object',
248 silly cache add   rawSpec: '2.0.1',
248 silly cache add   spec: '2.0.1',
248 silly cache add   type: 'version' }
249 silly addNamed sorted-object@2.0.1
250 verbose addNamed "2.0.1" is a plain semver version for sorted-object
251 silly mapToRegistry name sorted-object
252 silly mapToRegistry using default registry
253 silly mapToRegistry registry https://registry.npmjs.org/
254 silly mapToRegistry uri https://registry.npmjs.org/sorted-object
255 verbose addNameVersion registry:https://registry.npmjs.org/sorted-object not in flight; fetching
256 verbose get https://registry.npmjs.org/sorted-object not expired, no request
257 silly mapToRegistry name sorted-object
258 silly mapToRegistry using default registry
259 silly mapToRegistry registry https://registry.npmjs.org/
260 silly mapToRegistry uri https://registry.npmjs.org/sorted-object
261 verbose addRemoteTarball https://registry.npmjs.org/sorted-object/-/sorted-object-2.0.1.tgz not in flight; adding
262 verbose addRemoteTarball [ 'https://registry.npmjs.org/sorted-object/-/sorted-object-2.0.1.tgz',
262 verbose addRemoteTarball   '7d631f4bd3a798a24af1dffcfbfe83337a5df5fc' ]
263 info retry fetch attempt 1 at 2:16:15 AM
264 info attempt registry request try #1 at 2:16:15 AM
265 http fetch GET https://registry.npmjs.org/sorted-object/-/sorted-object-2.0.1.tgz
266 http fetch 200 https://registry.npmjs.org/sorted-object/-/sorted-object-2.0.1.tgz
267 silly fetchAndShaCheck shasum 7d631f4bd3a798a24af1dffcfbfe83337a5df5fc
268 verbose addTmpTarball /tmp/npm-17528-eae7d371/registry.npmjs.org/sorted-object/-/sorted-object-2.0.1.tgz not in flight; adding
269 verbose addTmpTarball already have metadata; skipping unpack for sorted-object@2.0.1
270 silly cache afterAdd sorted-object@2.0.1
271 verbose afterAdd /home/nirmalsingh/.npm/sorted-object/2.0.1/package/package.json not in flight; writing
272 verbose afterAdd /home/nirmalsingh/.npm/sorted-object/2.0.1/package/package.json written
273 silly fetchNamedPackageData brace-expansion
274 silly mapToRegistry name brace-expansion
275 silly mapToRegistry using default registry
276 silly mapToRegistry registry https://registry.npmjs.org/
277 silly mapToRegistry uri https://registry.npmjs.org/brace-expansion
278 verbose request uri https://registry.npmjs.org/brace-expansion
279 verbose request no auth needed
280 info attempt registry request try #1 at 2:16:15 AM
281 http request GET https://registry.npmjs.org/brace-expansion
282 http 200 https://registry.npmjs.org/brace-expansion
283 verbose headers { date: 'Fri, 28 Feb 2020 20:46:15 GMT',
283 verbose headers   'content-type': 'application/json; charset=UTF-8',
283 verbose headers   'transfer-encoding': 'chunked',
283 verbose headers   connection: 'keep-alive',
283 verbose headers   'set-cookie':
283 verbose headers    [ '__cfduid=d20a763893bbbae46092094deed30d8ca1582922775; expires=Sun, 29-Mar-20 20:46:15 GMT; path=/; domain=.npmjs.org; HttpOnly; SameSite=Lax' ],
283 verbose headers   'cf-ray': '56c53f334a3cddb7-SIN',
283 verbose headers   age: '2787',
283 verbose headers   'cache-control': 'public, max-age=300',
283 verbose headers   etag: 'W/"e1bb7280c24dff102c3475d67515cff5"',
283 verbose headers   'last-modified': 'Sat, 26 May 2018 18:55:42 GMT',
283 verbose headers   vary: 'accept-encoding, accept',
283 verbose headers   'cf-cache-status': 'HIT',
283 verbose headers   'expect-ct': 'max-age=604800, report-uri="https://report-uri.cloudflare.com/cdn-cgi/beacon/expect-ct"',
283 verbose headers   server: 'cloudflare',
283 verbose headers   'content-encoding': 'gzip' }
284 silly get cb [ 200,
284 silly get   { date: 'Fri, 28 Feb 2020 20:46:15 GMT',
284 silly get     'content-type': 'application/json; charset=UTF-8',
284 silly get     'transfer-encoding': 'chunked',
284 silly get     connection: 'keep-alive',
284 silly get     'set-cookie':
284 silly get      [ '__cfduid=d20a763893bbbae46092094deed30d8ca1582922775; expires=Sun, 29-Mar-20 20:46:15 GMT; path=/; domain=.npmjs.org; HttpOnly; SameSite=Lax' ],
284 silly get     'cf-ray': '56c53f334a3cddb7-SIN',
284 silly get     age: '2787',
284 silly get     'cache-control': 'public, max-age=300',
284 silly get     etag: 'W/"e1bb7280c24dff102c3475d67515cff5"',
284 silly get     'last-modified': 'Sat, 26 May 2018 18:55:42 GMT',
284 silly get     vary: 'accept-encoding, accept',
284 silly get     'cf-cache-status': 'HIT',
284 silly get     'expect-ct': 'max-age=604800, report-uri="https://report-uri.cloudflare.com/cdn-cgi/beacon/expect-ct"',
284 silly get     server: 'cloudflare',
284 silly get     'content-encoding': 'gzip' } ]
285 verbose get saving brace-expansion to /home/nirmalsingh/.npm/registry.npmjs.org/brace-expansion/.cache.json
286 silly resolveWithNewModule brace-expansion@1.1.11 checking installable status
287 silly cache add args [ 'brace-expansion@^1.1.7', null ]
288 verbose cache add spec brace-expansion@^1.1.7
289 silly cache add parsed spec Result {
289 silly cache add   raw: 'brace-expansion@^1.1.7',
289 silly cache add   scope: null,
289 silly cache add   name: 'brace-expansion',
289 silly cache add   rawSpec: '^1.1.7',
289 silly cache add   spec: '>=1.1.7 <2.0.0',
289 silly cache add   type: 'range' }
290 silly addNamed brace-expansion@>=1.1.7 <2.0.0
291 verbose addNamed ">=1.1.7 <2.0.0" is a valid semver range for brace-expansion
292 silly addNameRange { name: 'brace-expansion',
292 silly addNameRange   range: '>=1.1.7 <2.0.0',
292 silly addNameRange   hasData: false }
293 silly mapToRegistry name brace-expansion
294 silly mapToRegistry using default registry
295 silly mapToRegistry registry https://registry.npmjs.org/
296 silly mapToRegistry uri https://registry.npmjs.org/brace-expansion
297 verbose addNameRange registry:https://registry.npmjs.org/brace-expansion not in flight; fetching
298 verbose get https://registry.npmjs.org/brace-expansion not expired, no request
299 silly addNameRange number 2 { name: 'brace-expansion',
299 silly addNameRange   range: '>=1.1.7 <2.0.0',
299 silly addNameRange   hasData: true }
300 silly addNameRange versions [ 'brace-expansion',
300 silly addNameRange   [ '0.0.0',
300 silly addNameRange     '1.0.0',
300 silly addNameRange     '1.0.1',
300 silly addNameRange     '1.1.0',
300 silly addNameRange     '1.1.1',
300 silly addNameRange     '1.1.2',
300 silly addNameRange     '1.1.3',
300 silly addNameRange     '1.1.4',
300 silly addNameRange     '1.1.5',
300 silly addNameRange     '1.1.6',
300 silly addNameRange     '1.1.7',
300 silly addNameRange     '1.1.8',
300 silly addNameRange     '1.1.9',
300 silly addNameRange     '1.1.10',
300 silly addNameRange     '1.1.11' ] ]
301 silly addNamed brace-expansion@1.1.11
302 verbose addNamed "1.1.11" is a plain semver version for brace-expansion
303 silly mapToRegistry name brace-expansion
304 silly mapToRegistry using default registry
305 silly mapToRegistry registry https://registry.npmjs.org/
306 silly mapToRegistry uri https://registry.npmjs.org/brace-expansion
307 verbose addRemoteTarball https://registry.npmjs.org/brace-expansion/-/brace-expansion-1.1.11.tgz not in flight; adding
308 verbose addRemoteTarball [ 'https://registry.npmjs.org/brace-expansion/-/brace-expansion-1.1.11.tgz',
308 verbose addRemoteTarball   '3c7fcbf529d87226f3d2f52b966ff5271eb441dd' ]
309 info retry fetch attempt 1 at 2:16:15 AM
310 info attempt registry request try #1 at 2:16:15 AM
311 http fetch GET https://registry.npmjs.org/brace-expansion/-/brace-expansion-1.1.11.tgz
312 http fetch 200 https://registry.npmjs.org/brace-expansion/-/brace-expansion-1.1.11.tgz
313 silly fetchAndShaCheck shasum 3c7fcbf529d87226f3d2f52b966ff5271eb441dd
314 verbose addTmpTarball /tmp/npm-17528-eae7d371/registry.npmjs.org/brace-expansion/-/brace-expansion-1.1.11.tgz not in flight; adding
315 verbose addTmpTarball already have metadata; skipping unpack for brace-expansion@1.1.11
316 silly cache afterAdd brace-expansion@1.1.11
317 verbose afterAdd /home/nirmalsingh/.npm/brace-expansion/1.1.11/package/package.json not in flight; writing
318 verbose afterAdd /home/nirmalsingh/.npm/brace-expansion/1.1.11/package/package.json written
319 silly fetchNamedPackageData balanced-match
320 silly mapToRegistry name balanced-match
321 silly mapToRegistry using default registry
322 silly mapToRegistry registry https://registry.npmjs.org/
323 silly mapToRegistry uri https://registry.npmjs.org/balanced-match
324 silly fetchNamedPackageData concat-map
325 silly mapToRegistry name concat-map
326 silly mapToRegistry using default registry
327 silly mapToRegistry registry https://registry.npmjs.org/
328 silly mapToRegistry uri https://registry.npmjs.org/concat-map
329 verbose request uri https://registry.npmjs.org/balanced-match
330 verbose request no auth needed
331 info attempt registry request try #1 at 2:16:15 AM
332 http request GET https://registry.npmjs.org/balanced-match
333 verbose request uri https://registry.npmjs.org/concat-map
334 verbose request no auth needed
335 info attempt registry request try #1 at 2:16:15 AM
336 http request GET https://registry.npmjs.org/concat-map
337 http 200 https://registry.npmjs.org/balanced-match
338 verbose headers { date: 'Fri, 28 Feb 2020 20:46:15 GMT',
338 verbose headers   'content-type': 'application/json; charset=UTF-8',
338 verbose headers   'transfer-encoding': 'chunked',
338 verbose headers   connection: 'keep-alive',
338 verbose headers   'set-cookie':
338 verbose headers    [ '__cfduid=d8e682d8873aebe2bab658a7c6d1b9dc61582922775; expires=Sun, 29-Mar-20 20:46:15 GMT; path=/; domain=.npmjs.org; HttpOnly; SameSite=Lax' ],
338 verbose headers   'cf-ray': '56c53f350aa1d9e8-SIN',
338 verbose headers   age: '5678',
338 verbose headers   'cache-control': 'public, max-age=300',
338 verbose headers   etag: 'W/"768eec147806bc710f6b097c6384abbf"',
338 verbose headers   'last-modified': 'Sat, 26 May 2018 18:06:43 GMT',
338 verbose headers   vary: 'accept-encoding, accept',
338 verbose headers   'cf-cache-status': 'HIT',
338 verbose headers   'expect-ct': 'max-age=604800, report-uri="https://report-uri.cloudflare.com/cdn-cgi/beacon/expect-ct"',
338 verbose headers   server: 'cloudflare',
338 verbose headers   'content-encoding': 'gzip' }
339 silly get cb [ 200,
339 silly get   { date: 'Fri, 28 Feb 2020 20:46:15 GMT',
339 silly get     'content-type': 'application/json; charset=UTF-8',
339 silly get     'transfer-encoding': 'chunked',
339 silly get     connection: 'keep-alive',
339 silly get     'set-cookie':
339 silly get      [ '__cfduid=d8e682d8873aebe2bab658a7c6d1b9dc61582922775; expires=Sun, 29-Mar-20 20:46:15 GMT; path=/; domain=.npmjs.org; HttpOnly; SameSite=Lax' ],
339 silly get     'cf-ray': '56c53f350aa1d9e8-SIN',
339 silly get     age: '5678',
339 silly get     'cache-control': 'public, max-age=300',
339 silly get     etag: 'W/"768eec147806bc710f6b097c6384abbf"',
339 silly get     'last-modified': 'Sat, 26 May 2018 18:06:43 GMT',
339 silly get     vary: 'accept-encoding, accept',
339 silly get     'cf-cache-status': 'HIT',
339 silly get     'expect-ct': 'max-age=604800, report-uri="https://report-uri.cloudflare.com/cdn-cgi/beacon/expect-ct"',
339 silly get     server: 'cloudflare',
339 silly get     'content-encoding': 'gzip' } ]
340 verbose get saving balanced-match to /home/nirmalsingh/.npm/registry.npmjs.org/balanced-match/.cache.json
341 silly resolveWithNewModule balanced-match@1.0.0 checking installable status
342 silly cache add args [ 'balanced-match@^1.0.0', null ]
343 verbose cache add spec balanced-match@^1.0.0
344 silly cache add parsed spec Result {
344 silly cache add   raw: 'balanced-match@^1.0.0',
344 silly cache add   scope: null,
344 silly cache add   name: 'balanced-match',
344 silly cache add   rawSpec: '^1.0.0',
344 silly cache add   spec: '>=1.0.0 <2.0.0',
344 silly cache add   type: 'range' }
345 silly addNamed balanced-match@>=1.0.0 <2.0.0
346 verbose addNamed ">=1.0.0 <2.0.0" is a valid semver range for balanced-match
347 silly addNameRange { name: 'balanced-match',
347 silly addNameRange   range: '>=1.0.0 <2.0.0',
347 silly addNameRange   hasData: false }
348 silly mapToRegistry name balanced-match
349 silly mapToRegistry using default registry
350 silly mapToRegistry registry https://registry.npmjs.org/
351 silly mapToRegistry uri https://registry.npmjs.org/balanced-match
352 verbose addNameRange registry:https://registry.npmjs.org/balanced-match not in flight; fetching
353 verbose get https://registry.npmjs.org/balanced-match not expired, no request
354 silly addNameRange number 2 { name: 'balanced-match',
354 silly addNameRange   range: '>=1.0.0 <2.0.0',
354 silly addNameRange   hasData: true }
355 silly addNameRange versions [ 'balanced-match',
355 silly addNameRange   [ '0.0.0',
355 silly addNameRange     '0.0.1',
355 silly addNameRange     '0.1.0',
355 silly addNameRange     '0.2.0',
355 silly addNameRange     '0.2.1',
355 silly addNameRange     '0.3.0',
355 silly addNameRange     '0.4.0',
355 silly addNameRange     '0.4.1',
355 silly addNameRange     '0.4.2',
355 silly addNameRange     '1.0.0' ] ]
356 silly addNamed balanced-match@1.0.0
357 verbose addNamed "1.0.0" is a plain semver version for balanced-match
358 silly mapToRegistry name balanced-match
359 silly mapToRegistry using default registry
360 silly mapToRegistry registry https://registry.npmjs.org/
361 silly mapToRegistry uri https://registry.npmjs.org/balanced-match
362 verbose addRemoteTarball https://registry.npmjs.org/balanced-match/-/balanced-match-1.0.0.tgz not in flight; adding
363 verbose addRemoteTarball [ 'https://registry.npmjs.org/balanced-match/-/balanced-match-1.0.0.tgz',
363 verbose addRemoteTarball   '89b4d199ab2bee49de164ea02b89ce462d71b767' ]
364 http 200 https://registry.npmjs.org/concat-map
365 verbose headers { date: 'Fri, 28 Feb 2020 20:46:15 GMT',
365 verbose headers   'content-type': 'application/json; charset=UTF-8',
365 verbose headers   'transfer-encoding': 'chunked',
365 verbose headers   connection: 'keep-alive',
365 verbose headers   'set-cookie':
365 verbose headers    [ '__cfduid=da910d39aab6894c68ac53570de33a3d31582922775; expires=Sun, 29-Mar-20 20:46:15 GMT; path=/; domain=.npmjs.org; HttpOnly; SameSite=Lax' ],
365 verbose headers   'cf-ray': '56c53f350959dcc6-SIN',
365 verbose headers   age: '386',
365 verbose headers   'cache-control': 'public, max-age=300',
365 verbose headers   etag: 'W/"94c413d99b46c784f563e6153e58a1d4"',
365 verbose headers   'last-modified': 'Sat, 26 May 2018 20:40:55 GMT',
365 verbose headers   vary: 'accept-encoding, accept',
365 verbose headers   'cf-cache-status': 'HIT',
365 verbose headers   'expect-ct': 'max-age=604800, report-uri="https://report-uri.cloudflare.com/cdn-cgi/beacon/expect-ct"',
365 verbose headers   server: 'cloudflare',
365 verbose headers   'content-encoding': 'gzip' }
366 silly get cb [ 200,
366 silly get   { date: 'Fri, 28 Feb 2020 20:46:15 GMT',
366 silly get     'content-type': 'application/json; charset=UTF-8',
366 silly get     'transfer-encoding': 'chunked',
366 silly get     connection: 'keep-alive',
366 silly get     'set-cookie':
366 silly get      [ '__cfduid=da910d39aab6894c68ac53570de33a3d31582922775; expires=Sun, 29-Mar-20 20:46:15 GMT; path=/; domain=.npmjs.org; HttpOnly; SameSite=Lax' ],
366 silly get     'cf-ray': '56c53f350959dcc6-SIN',
366 silly get     age: '386',
366 silly get     'cache-control': 'public, max-age=300',
366 silly get     etag: 'W/"94c413d99b46c784f563e6153e58a1d4"',
366 silly get     'last-modified': 'Sat, 26 May 2018 20:40:55 GMT',
366 silly get     vary: 'accept-encoding, accept',
366 silly get     'cf-cache-status': 'HIT',
366 silly get     'expect-ct': 'max-age=604800, report-uri="https://report-uri.cloudflare.com/cdn-cgi/beacon/expect-ct"',
366 silly get     server: 'cloudflare',
366 silly get     'content-encoding': 'gzip' } ]
367 verbose get saving concat-map to /home/nirmalsingh/.npm/registry.npmjs.org/concat-map/.cache.json
368 info retry fetch attempt 1 at 2:16:15 AM
369 info attempt registry request try #1 at 2:16:15 AM
370 http fetch GET https://registry.npmjs.org/balanced-match/-/balanced-match-1.0.0.tgz
371 silly resolveWithNewModule concat-map@0.0.1 checking installable status
372 silly cache add args [ 'concat-map@0.0.1', null ]
373 verbose cache add spec concat-map@0.0.1
374 silly cache add parsed spec Result {
374 silly cache add   raw: 'concat-map@0.0.1',
374 silly cache add   scope: null,
374 silly cache add   name: 'concat-map',
374 silly cache add   rawSpec: '0.0.1',
374 silly cache add   spec: '0.0.1',
374 silly cache add   type: 'version' }
375 silly addNamed concat-map@0.0.1
376 verbose addNamed "0.0.1" is a plain semver version for concat-map
377 silly mapToRegistry name concat-map
378 silly mapToRegistry using default registry
379 silly mapToRegistry registry https://registry.npmjs.org/
380 silly mapToRegistry uri https://registry.npmjs.org/concat-map
381 verbose addNameVersion registry:https://registry.npmjs.org/concat-map not in flight; fetching
382 verbose get https://registry.npmjs.org/concat-map not expired, no request
383 silly mapToRegistry name concat-map
384 silly mapToRegistry using default registry
385 silly mapToRegistry registry https://registry.npmjs.org/
386 silly mapToRegistry uri https://registry.npmjs.org/concat-map
387 verbose addRemoteTarball https://registry.npmjs.org/concat-map/-/concat-map-0.0.1.tgz not in flight; adding
388 verbose addRemoteTarball [ 'https://registry.npmjs.org/concat-map/-/concat-map-0.0.1.tgz',
388 verbose addRemoteTarball   'd8a96bd77fd68df7793a73036a3ba0d5405d477b' ]
389 info retry fetch attempt 1 at 2:16:15 AM
390 info attempt registry request try #1 at 2:16:15 AM
391 http fetch GET https://registry.npmjs.org/concat-map/-/concat-map-0.0.1.tgz
392 http fetch 200 https://registry.npmjs.org/balanced-match/-/balanced-match-1.0.0.tgz
393 silly fetchAndShaCheck shasum 89b4d199ab2bee49de164ea02b89ce462d71b767
394 verbose addTmpTarball /tmp/npm-17528-eae7d371/registry.npmjs.org/balanced-match/-/balanced-match-1.0.0.tgz not in flight; adding
395 verbose addTmpTarball already have metadata; skipping unpack for balanced-match@1.0.0
396 http fetch 200 https://registry.npmjs.org/concat-map/-/concat-map-0.0.1.tgz
397 silly cache afterAdd balanced-match@1.0.0
398 verbose afterAdd /home/nirmalsingh/.npm/balanced-match/1.0.0/package/package.json not in flight; writing
399 silly fetchAndShaCheck shasum d8a96bd77fd68df7793a73036a3ba0d5405d477b
400 verbose afterAdd /home/nirmalsingh/.npm/balanced-match/1.0.0/package/package.json written
401 verbose addTmpTarball /tmp/npm-17528-eae7d371/registry.npmjs.org/concat-map/-/concat-map-0.0.1.tgz not in flight; adding
402 verbose addTmpTarball already have metadata; skipping unpack for concat-map@0.0.1
403 silly cache afterAdd concat-map@0.0.1
404 verbose afterAdd /home/nirmalsingh/.npm/concat-map/0.0.1/package/package.json not in flight; writing
405 verbose afterAdd /home/nirmalsingh/.npm/concat-map/0.0.1/package/package.json written
406 silly fetchNamedPackageData minimist
407 silly mapToRegistry name minimist
408 silly mapToRegistry using default registry
409 silly mapToRegistry registry https://registry.npmjs.org/
410 silly mapToRegistry uri https://registry.npmjs.org/minimist
411 verbose request uri https://registry.npmjs.org/minimist
412 verbose request no auth needed
413 info attempt registry request try #1 at 2:16:16 AM
414 http request GET https://registry.npmjs.org/minimist
415 http 200 https://registry.npmjs.org/minimist
416 verbose headers { date: 'Fri, 28 Feb 2020 20:46:16 GMT',
416 verbose headers   'content-type': 'application/json',
416 verbose headers   'transfer-encoding': 'chunked',
416 verbose headers   connection: 'keep-alive',
416 verbose headers   'set-cookie':
416 verbose headers    [ '__cfduid=db95d1d18ecb261f452518d0a50fbc0261582922776; expires=Sun, 29-Mar-20 20:46:16 GMT; path=/; domain=.npmjs.org; HttpOnly; SameSite=Lax' ],
416 verbose headers   'cf-ray': '56c53f369971dded-SIN',
416 verbose headers   age: '514',
416 verbose headers   'cache-control': 'public, max-age=300',
416 verbose headers   etag: 'W/"81c2eaf8bba19c1bd6131ba9e932902f"',
416 verbose headers   'last-modified': 'Sun, 11 Aug 2019 09:03:19 GMT',
416 verbose headers   vary: 'accept-encoding, accept',
416 verbose headers   'cf-cache-status': 'HIT',
416 verbose headers   'expect-ct': 'max-age=604800, report-uri="https://report-uri.cloudflare.com/cdn-cgi/beacon/expect-ct"',
416 verbose headers   server: 'cloudflare',
416 verbose headers   'content-encoding': 'gzip' }
417 silly get cb [ 200,
417 silly get   { date: 'Fri, 28 Feb 2020 20:46:16 GMT',
417 silly get     'content-type': 'application/json',
417 silly get     'transfer-encoding': 'chunked',
417 silly get     connection: 'keep-alive',
417 silly get     'set-cookie':
417 silly get      [ '__cfduid=db95d1d18ecb261f452518d0a50fbc0261582922776; expires=Sun, 29-Mar-20 20:46:16 GMT; path=/; domain=.npmjs.org; HttpOnly; SameSite=Lax' ],
417 silly get     'cf-ray': '56c53f369971dded-SIN',
417 silly get     age: '514',
417 silly get     'cache-control': 'public, max-age=300',
417 silly get     etag: 'W/"81c2eaf8bba19c1bd6131ba9e932902f"',
417 silly get     'last-modified': 'Sun, 11 Aug 2019 09:03:19 GMT',
417 silly get     vary: 'accept-encoding, accept',
417 silly get     'cf-cache-status': 'HIT',
417 silly get     'expect-ct': 'max-age=604800, report-uri="https://report-uri.cloudflare.com/cdn-cgi/beacon/expect-ct"',
417 silly get     server: 'cloudflare',
417 silly get     'content-encoding': 'gzip' } ]
418 verbose get saving minimist to /home/nirmalsingh/.npm/registry.npmjs.org/minimist/.cache.json
419 silly resolveWithNewModule minimist@0.0.8 checking installable status
420 silly cache add args [ 'minimist@0.0.8', null ]
421 verbose cache add spec minimist@0.0.8
422 silly cache add parsed spec Result {
422 silly cache add   raw: 'minimist@0.0.8',
422 silly cache add   scope: null,
422 silly cache add   name: 'minimist',
422 silly cache add   rawSpec: '0.0.8',
422 silly cache add   spec: '0.0.8',
422 silly cache add   type: 'version' }
423 silly addNamed minimist@0.0.8
424 verbose addNamed "0.0.8" is a plain semver version for minimist
425 silly mapToRegistry name minimist
426 silly mapToRegistry using default registry
427 silly mapToRegistry registry https://registry.npmjs.org/
428 silly mapToRegistry uri https://registry.npmjs.org/minimist
429 verbose addNameVersion registry:https://registry.npmjs.org/minimist not in flight; fetching
430 verbose get https://registry.npmjs.org/minimist not expired, no request
431 silly mapToRegistry name minimist
432 silly mapToRegistry using default registry
433 silly mapToRegistry registry https://registry.npmjs.org/
434 silly mapToRegistry uri https://registry.npmjs.org/minimist
435 verbose addRemoteTarball https://registry.npmjs.org/minimist/-/minimist-0.0.8.tgz not in flight; adding
436 verbose addRemoteTarball [ 'https://registry.npmjs.org/minimist/-/minimist-0.0.8.tgz',
436 verbose addRemoteTarball   '857fcabfc3397d2625b8228262e86aa7a011b05d' ]
437 info retry fetch attempt 1 at 2:16:16 AM
438 info attempt registry request try #1 at 2:16:16 AM
439 http fetch GET https://registry.npmjs.org/minimist/-/minimist-0.0.8.tgz
440 http fetch 200 https://registry.npmjs.org/minimist/-/minimist-0.0.8.tgz
441 silly fetchAndShaCheck shasum 857fcabfc3397d2625b8228262e86aa7a011b05d
442 verbose addTmpTarball /tmp/npm-17528-eae7d371/registry.npmjs.org/minimist/-/minimist-0.0.8.tgz not in flight; adding
443 verbose addTmpTarball already have metadata; skipping unpack for minimist@0.0.8
444 silly cache afterAdd minimist@0.0.8
445 verbose afterAdd /home/nirmalsingh/.npm/minimist/0.0.8/package/package.json not in flight; writing
446 verbose afterAdd /home/nirmalsingh/.npm/minimist/0.0.8/package/package.json written
447 silly loadAllDepsIntoIdealTree Finishing
448 silly idealTree:prePrune lib
448 silly idealTree:prePrune `-- express-generator@4.16.1
448 silly idealTree:prePrune   +-- balanced-match@1.0.0
448 silly idealTree:prePrune   +-- brace-expansion@1.1.11
448 silly idealTree:prePrune   +-- commander@2.15.1
448 silly idealTree:prePrune   +-- concat-map@0.0.1
448 silly idealTree:prePrune   +-- ejs@2.6.1
448 silly idealTree:prePrune   +-- minimatch@3.0.4
448 silly idealTree:prePrune   +-- minimist@0.0.8
448 silly idealTree:prePrune   +-- mkdirp@0.5.1
448 silly idealTree:prePrune   `-- sorted-object@2.0.1
449 silly loadIdealTree Finishing
450 silly currentTree lib
451 silly idealTree lib
451 silly idealTree `-- express-generator@4.16.1
451 silly idealTree   +-- balanced-match@1.0.0
451 silly idealTree   +-- brace-expansion@1.1.11
451 silly idealTree   +-- commander@2.15.1
451 silly idealTree   +-- concat-map@0.0.1
451 silly idealTree   +-- ejs@2.6.1
451 silly idealTree   +-- minimatch@3.0.4
451 silly idealTree   +-- minimist@0.0.8
451 silly idealTree   +-- mkdirp@0.5.1
451 silly idealTree   `-- sorted-object@2.0.1
452 silly generateActionsToTake Starting
453 silly install generateActionsToTake
454 warn checkPermissions Missing write access to /usr/local/lib
455 silly rollbackFailedOptional Starting
456 silly rollbackFailedOptional Finishing
457 silly runTopLevelLifecycles Starting
458 silly runTopLevelLifecycles Finishing
459 silly install printInstalled
460 verbose stack Error: EACCES: permission denied, access '/usr/local/lib'
461 verbose cwd /home/nirmalsingh/Documents/Kubernetes/nodeProject
462 error Linux 5.3.0-40-generic
463 error argv "/usr/bin/node" "/usr/bin/npm" "install" "-g" "express-generator"
464 error node v8.10.0
465 error npm  v3.5.2
466 error path /usr/local/lib
467 error code EACCES
468 error errno -13
469 error syscall access
470 error Error: EACCES: permission denied, access '/usr/local/lib'
470 error  { Error: EACCES: permission denied, access '/usr/local/lib'
470 error   errno: -13,
470 error   code: 'EACCES',
470 error   syscall: 'access',
470 error   path: '/usr/local/lib' }
471 error Please try running this command again as root/Administrator.
472 verbose exit [ -13, true ]
